2025-06-13 10:38:33,668 [INFO] 총 0개 시나리오 준비 완료!
2025-06-13 10:38:33,668 [INFO] 업로드 완료! 성공: 0개, 실패: 0개
2025-06-13 10:39:16,836 [INFO] [파일로드 성공] scenario_app/result_json_files\pig\pig_result_json_1_20250613_092638.json
2025-06-13 10:39:16,851 [INFO] [파일로드 성공] scenario_app/result_json_files\pig\pig_result_json_1_20250613_101658.json
2025-06-13 10:39:16,861 [INFO] [파일로드 성공] scenario_app/result_json_files\pig\pig_result_json_2_20250613_092717.json
2025-06-13 10:39:16,867 [INFO] [파일로드 성공] scenario_app/result_json_files\pig\pig_result_json_2_20250613_101738.json
2025-06-13 10:39:16,867 [INFO] [파일로드 성공] scenario_app/result_json_files\food\food_result_json_1_20250613_095338.json
2025-06-13 10:39:16,881 [INFO] [파일로드 성공] scenario_app/result_json_files\food\food_result_json_1_20250613_101848.json
2025-06-13 10:39:16,881 [INFO] [파일로드 성공] scenario_app/result_json_files\food\food_result_json_2_20250613_095424.json
2025-06-13 10:39:16,899 [INFO] [파일로드 성공] scenario_app/result_json_files\food\food_result_json_2_20250613_101928.json
2025-06-13 10:39:16,913 [INFO] [파일로드 성공] scenario_app/result_json_files\magic\magic_result_json_1_20250613_094834.json
2025-06-13 10:39:16,930 [INFO] [파일로드 성공] scenario_app/result_json_files\magic\magic_result_json_1_20250613_102637.json
2025-06-13 10:39:16,930 [INFO] [파일로드 성공] scenario_app/result_json_files\magic\magic_result_json_2_20250613_094917.json
2025-06-13 10:39:16,930 [INFO] [파일로드 성공] scenario_app/result_json_files\magic\magic_result_json_2_20250613_102718.json
2025-06-13 10:39:16,941 [INFO] [파일로드 성공] scenario_app/result_json_files\moon\moon_result_json_1_20250613_094252.json
2025-06-13 10:39:16,945 [INFO] [파일로드 성공] scenario_app/result_json_files\moon\moon_result_json_1_20250613_102313.json
2025-06-13 10:39:16,945 [INFO] [파일로드 성공] scenario_app/result_json_files\moon\moon_result_json_2_20250613_094336.json
2025-06-13 10:39:16,945 [INFO] [파일로드 성공] scenario_app/result_json_files\moon\moon_result_json_2_20250613_102356.json
2025-06-13 10:39:16,945 [INFO] 총 16개 시나리오 준비 완료!
2025-06-13 10:39:17,111 [INFO] [1] 업로드 성공: 200
2025-06-13 10:39:17,270 [INFO] [2] 업로드 성공: 200
2025-06-13 10:39:17,419 [INFO] [3] 업로드 성공: 200
2025-06-13 10:39:17,550 [INFO] [4] 업로드 성공: 200
2025-06-13 10:39:17,712 [INFO] [5] 업로드 성공: 200
2025-06-13 10:39:18,257 [INFO] [6] 업로드 성공: 200
2025-06-13 10:39:18,368 [INFO] [7] 업로드 성공: 200
2025-06-13 10:39:18,479 [INFO] [8] 업로드 성공: 200
2025-06-13 10:39:18,562 [INFO] [9] 업로드 성공: 200
2025-06-13 10:39:18,690 [INFO] [10] 업로드 성공: 200
2025-06-13 10:39:18,775 [INFO] [11] 업로드 성공: 200
2025-06-13 10:39:18,869 [INFO] [12] 업로드 성공: 200
2025-06-13 10:39:19,059 [INFO] [13] 업로드 성공: 200
2025-06-13 10:39:19,176 [INFO] [14] 업로드 성공: 200
2025-06-13 10:39:19,348 [INFO] [15] 업로드 성공: 200
2025-06-13 10:39:19,466 [INFO] [16] 업로드 성공: 200
2025-06-13 10:39:19,466 [INFO] 업로드 완료! 성공: 16개, 실패: 0개
2025-06-13 17:51:10,974 [INFO] [파일로드 성공] C:\Users\user\Desktop\final_project\scenario\scenario_app\result_json_files\pig\pig_result_json_10_20250613_071625.json
2025-06-13 17:51:10,974 [INFO] [파일로드 성공] C:\Users\user\Desktop\final_project\scenario\scenario_app\result_json_files\pig\pig_result_json_1_20250613_065914.json
2025-06-13 17:51:10,974 [INFO] [파일로드 성공] C:\Users\user\Desktop\final_project\scenario\scenario_app\result_json_files\pig\pig_result_json_2_20250613_071016.json
2025-06-13 17:51:10,974 [INFO] [파일로드 성공] C:\Users\user\Desktop\final_project\scenario\scenario_app\result_json_files\pig\pig_result_json_3_20250613_071056.json
2025-06-13 17:51:10,974 [INFO] [파일로드 성공] C:\Users\user\Desktop\final_project\scenario\scenario_app\result_json_files\pig\pig_result_json_4_20250613_071147.json
2025-06-13 17:51:10,974 [INFO] [파일로드 성공] C:\Users\user\Desktop\final_project\scenario\scenario_app\result_json_files\pig\pig_result_json_5_20250613_071232.json
2025-06-13 17:51:10,974 [INFO] [파일로드 성공] C:\Users\user\Desktop\final_project\scenario\scenario_app\result_json_files\pig\pig_result_json_6_20250613_071318.json
2025-06-13 17:51:10,974 [INFO] [파일로드 성공] C:\Users\user\Desktop\final_project\scenario\scenario_app\result_json_files\pig\pig_result_json_7_20250613_071402.json
2025-06-13 17:51:10,974 [INFO] [파일로드 성공] C:\Users\user\Desktop\final_project\scenario\scenario_app\result_json_files\pig\pig_result_json_8_20250613_071456.json
2025-06-13 17:51:10,974 [INFO] [파일로드 성공] C:\Users\user\Desktop\final_project\scenario\scenario_app\result_json_files\pig\pig_result_json_9_20250613_071546.json
2025-06-13 17:51:10,974 [INFO] [파일로드 성공] C:\Users\user\Desktop\final_project\scenario\scenario_app\result_json_files\food\food_result_json_10_20250613_071614.json
2025-06-13 17:51:10,990 [INFO] [파일로드 성공] C:\Users\user\Desktop\final_project\scenario\scenario_app\result_json_files\food\food_result_json_1_20250613_065914.json
2025-06-13 17:51:10,990 [INFO] [파일로드 성공] C:\Users\user\Desktop\final_project\scenario\scenario_app\result_json_files\food\food_result_json_2_20250613_071016.json
2025-06-13 17:51:10,990 [INFO] [파일로드 성공] C:\Users\user\Desktop\final_project\scenario\scenario_app\result_json_files\food\food_result_json_3_20250613_071054.json
2025-06-13 17:51:10,990 [INFO] [파일로드 성공] C:\Users\user\Desktop\final_project\scenario\scenario_app\result_json_files\food\food_result_json_4_20250613_071139.json
2025-06-13 17:51:10,990 [INFO] [파일로드 성공] C:\Users\user\Desktop\final_project\scenario\scenario_app\result_json_files\food\food_result_json_5_20250613_071221.json
2025-06-13 17:51:10,990 [INFO] [파일로드 성공] C:\Users\user\Desktop\final_project\scenario\scenario_app\result_json_files\food\food_result_json_6_20250613_071306.json
2025-06-13 17:51:10,990 [INFO] [파일로드 성공] C:\Users\user\Desktop\final_project\scenario\scenario_app\result_json_files\food\food_result_json_7_20250613_071351.json
2025-06-13 17:51:10,990 [INFO] [파일로드 성공] C:\Users\user\Desktop\final_project\scenario\scenario_app\result_json_files\food\food_result_json_8_20250613_071435.json
2025-06-13 17:51:10,990 [INFO] [파일로드 성공] C:\Users\user\Desktop\final_project\scenario\scenario_app\result_json_files\food\food_result_json_9_20250613_071522.json
2025-06-13 17:51:10,990 [INFO] [파일로드 성공] C:\Users\user\Desktop\final_project\scenario\scenario_app\result_json_files\magic\magic_result_json_10_20250613_071544.json
2025-06-13 17:51:10,990 [INFO] [파일로드 성공] C:\Users\user\Desktop\final_project\scenario\scenario_app\result_json_files\magic\magic_result_json_1_20250613_065917.json
2025-06-13 17:51:10,990 [INFO] [파일로드 성공] C:\Users\user\Desktop\final_project\scenario\scenario_app\result_json_files\magic\magic_result_json_2_20250613_071007.json
2025-06-13 17:51:10,990 [INFO] [파일로드 성공] C:\Users\user\Desktop\final_project\scenario\scenario_app\result_json_files\magic\magic_result_json_3_20250613_071045.json
2025-06-13 17:51:10,990 [INFO] [파일로드 성공] C:\Users\user\Desktop\final_project\scenario\scenario_app\result_json_files\magic\magic_result_json_4_20250613_071125.json
2025-06-13 17:51:10,990 [INFO] [파일로드 성공] C:\Users\user\Desktop\final_project\scenario\scenario_app\result_json_files\magic\magic_result_json_5_20250613_071214.json
2025-06-13 17:51:10,990 [INFO] [파일로드 성공] C:\Users\user\Desktop\final_project\scenario\scenario_app\result_json_files\magic\magic_result_json_6_20250613_071253.json
2025-06-13 17:51:10,990 [INFO] [파일로드 성공] C:\Users\user\Desktop\final_project\scenario\scenario_app\result_json_files\magic\magic_result_json_7_20250613_071342.json
2025-06-13 17:51:10,990 [INFO] [파일로드 성공] C:\Users\user\Desktop\final_project\scenario\scenario_app\result_json_files\magic\magic_result_json_8_20250613_071428.json
2025-06-13 17:51:10,990 [INFO] [파일로드 성공] C:\Users\user\Desktop\final_project\scenario\scenario_app\result_json_files\magic\magic_result_json_9_20250613_071511.json
2025-06-13 17:51:10,990 [INFO] [파일로드 성공] C:\Users\user\Desktop\final_project\scenario\scenario_app\result_json_files\moon\moon_result_json_10_20250613_070645.json
2025-06-13 17:51:10,990 [INFO] [파일로드 성공] C:\Users\user\Desktop\final_project\scenario\scenario_app\result_json_files\moon\moon_result_json_1_20250613_065911.json
2025-06-13 17:51:10,990 [INFO] [파일로드 성공] C:\Users\user\Desktop\final_project\scenario\scenario_app\result_json_files\moon\moon_result_json_2_20250613_070029.json
2025-06-13 17:51:10,990 [INFO] [파일로드 성공] C:\Users\user\Desktop\final_project\scenario\scenario_app\result_json_files\moon\moon_result_json_3_20250613_070111.json
2025-06-13 17:51:10,990 [INFO] [파일로드 성공] C:\Users\user\Desktop\final_project\scenario\scenario_app\result_json_files\moon\moon_result_json_4_20250613_070154.json
2025-06-13 17:51:10,990 [INFO] [파일로드 성공] C:\Users\user\Desktop\final_project\scenario\scenario_app\result_json_files\moon\moon_result_json_5_20250613_070248.json
2025-06-13 17:51:10,990 [INFO] [파일로드 성공] C:\Users\user\Desktop\final_project\scenario\scenario_app\result_json_files\moon\moon_result_json_6_20250613_070335.json
2025-06-13 17:51:10,990 [INFO] [파일로드 성공] C:\Users\user\Desktop\final_project\scenario\scenario_app\result_json_files\moon\moon_result_json_7_20250613_070420.json
2025-06-13 17:51:10,990 [INFO] [파일로드 성공] C:\Users\user\Desktop\final_project\scenario\scenario_app\result_json_files\moon\moon_result_json_8_20250613_070512.json
2025-06-13 17:51:10,990 [INFO] [파일로드 성공] C:\Users\user\Desktop\final_project\scenario\scenario_app\result_json_files\moon\moon_result_json_9_20250613_070558.json
2025-06-13 17:51:10,990 [INFO] 총 40개 시나리오 준비 완료!
2025-06-13 17:51:11,053 [ERROR] [1] 업로드 실패: 400 | ❌ 저장 실패: 시나리오 저장 실패: class org.springframework.security.web.authentication.WebAuthenticationDetails cannot be cast to class java.lang.String (org.springframework.security.web.authentication.WebAuthenticationDetails is in unnamed module of loader org.springframework.boot.loader.launch.LaunchedClassLoader @2f92e0f4; java.lang.String is in module java.base of loader 'bootstrap')
2025-06-13 17:51:11,104 [ERROR] [2] 업로드 실패: 400 | ❌ 저장 실패: 시나리오 저장 실패: class org.springframework.security.web.authentication.WebAuthenticationDetails cannot be cast to class java.lang.String (org.springframework.security.web.authentication.WebAuthenticationDetails is in unnamed module of loader org.springframework.boot.loader.launch.LaunchedClassLoader @2f92e0f4; java.lang.String is in module java.base of loader 'bootstrap')
2025-06-13 17:51:11,229 [ERROR] [3] 업로드 실패: 400 | ❌ 저장 실패: 시나리오 저장 실패: class org.springframework.security.web.authentication.WebAuthenticationDetails cannot be cast to class java.lang.String (org.springframework.security.web.authentication.WebAuthenticationDetails is in unnamed module of loader org.springframework.boot.loader.launch.LaunchedClassLoader @2f92e0f4; java.lang.String is in module java.base of loader 'bootstrap')
2025-06-13 17:51:11,259 [ERROR] [4] 업로드 실패: 400 | ❌ 저장 실패: 시나리오 저장 실패: class org.springframework.security.web.authentication.WebAuthenticationDetails cannot be cast to class java.lang.String (org.springframework.security.web.authentication.WebAuthenticationDetails is in unnamed module of loader org.springframework.boot.loader.launch.LaunchedClassLoader @2f92e0f4; java.lang.String is in module java.base of loader 'bootstrap')
2025-06-13 17:51:11,323 [ERROR] [5] 업로드 실패: 400 | ❌ 저장 실패: 시나리오 저장 실패: class org.springframework.security.web.authentication.WebAuthenticationDetails cannot be cast to class java.lang.String (org.springframework.security.web.authentication.WebAuthenticationDetails is in unnamed module of loader org.springframework.boot.loader.launch.LaunchedClassLoader @2f92e0f4; java.lang.String is in module java.base of loader 'bootstrap')
2025-06-13 17:51:11,397 [ERROR] [6] 업로드 실패: 400 | ❌ 저장 실패: 시나리오 저장 실패: class org.springframework.security.web.authentication.WebAuthenticationDetails cannot be cast to class java.lang.String (org.springframework.security.web.authentication.WebAuthenticationDetails is in unnamed module of loader org.springframework.boot.loader.launch.LaunchedClassLoader @2f92e0f4; java.lang.String is in module java.base of loader 'bootstrap')
2025-06-13 17:51:11,449 [ERROR] [7] 업로드 실패: 400 | ❌ 저장 실패: 시나리오 저장 실패: class org.springframework.security.web.authentication.WebAuthenticationDetails cannot be cast to class java.lang.String (org.springframework.security.web.authentication.WebAuthenticationDetails is in unnamed module of loader org.springframework.boot.loader.launch.LaunchedClassLoader @2f92e0f4; java.lang.String is in module java.base of loader 'bootstrap')
2025-06-13 17:51:11,497 [ERROR] [8] 업로드 실패: 400 | ❌ 저장 실패: 시나리오 저장 실패: class org.springframework.security.web.authentication.WebAuthenticationDetails cannot be cast to class java.lang.String (org.springframework.security.web.authentication.WebAuthenticationDetails is in unnamed module of loader org.springframework.boot.loader.launch.LaunchedClassLoader @2f92e0f4; java.lang.String is in module java.base of loader 'bootstrap')
2025-06-13 17:51:11,544 [ERROR] [9] 업로드 실패: 400 | ❌ 저장 실패: 시나리오 저장 실패: class org.springframework.security.web.authentication.WebAuthenticationDetails cannot be cast to class java.lang.String (org.springframework.security.web.authentication.WebAuthenticationDetails is in unnamed module of loader org.springframework.boot.loader.launch.LaunchedClassLoader @2f92e0f4; java.lang.String is in module java.base of loader 'bootstrap')
2025-06-13 17:51:12,100 [ERROR] [10] 업로드 실패: 400 | ❌ 저장 실패: 시나리오 저장 실패: class org.springframework.security.web.authentication.WebAuthenticationDetails cannot be cast to class java.lang.String (org.springframework.security.web.authentication.WebAuthenticationDetails is in unnamed module of loader org.springframework.boot.loader.launch.LaunchedClassLoader @2f92e0f4; java.lang.String is in module java.base of loader 'bootstrap')
2025-06-13 17:51:12,196 [ERROR] [11] 업로드 실패: 400 | ❌ 저장 실패: 시나리오 저장 실패: class org.springframework.security.web.authentication.WebAuthenticationDetails cannot be cast to class java.lang.String (org.springframework.security.web.authentication.WebAuthenticationDetails is in unnamed module of loader org.springframework.boot.loader.launch.LaunchedClassLoader @2f92e0f4; java.lang.String is in module java.base of loader 'bootstrap')
2025-06-13 17:51:12,243 [ERROR] [12] 업로드 실패: 400 | ❌ 저장 실패: 시나리오 저장 실패: class org.springframework.security.web.authentication.WebAuthenticationDetails cannot be cast to class java.lang.String (org.springframework.security.web.authentication.WebAuthenticationDetails is in unnamed module of loader org.springframework.boot.loader.launch.LaunchedClassLoader @2f92e0f4; java.lang.String is in module java.base of loader 'bootstrap')
2025-06-13 17:51:12,260 [ERROR] [13] 업로드 실패: 400 | ❌ 저장 실패: 시나리오 저장 실패: class org.springframework.security.web.authentication.WebAuthenticationDetails cannot be cast to class java.lang.String (org.springframework.security.web.authentication.WebAuthenticationDetails is in unnamed module of loader org.springframework.boot.loader.launch.LaunchedClassLoader @2f92e0f4; java.lang.String is in module java.base of loader 'bootstrap')
2025-06-13 17:51:12,299 [ERROR] [14] 업로드 실패: 400 | ❌ 저장 실패: 시나리오 저장 실패: class org.springframework.security.web.authentication.WebAuthenticationDetails cannot be cast to class java.lang.String (org.springframework.security.web.authentication.WebAuthenticationDetails is in unnamed module of loader org.springframework.boot.loader.launch.LaunchedClassLoader @2f92e0f4; java.lang.String is in module java.base of loader 'bootstrap')
2025-06-13 17:51:12,353 [ERROR] [15] 업로드 실패: 400 | ❌ 저장 실패: 시나리오 저장 실패: class org.springframework.security.web.authentication.WebAuthenticationDetails cannot be cast to class java.lang.String (org.springframework.security.web.authentication.WebAuthenticationDetails is in unnamed module of loader org.springframework.boot.loader.launch.LaunchedClassLoader @2f92e0f4; java.lang.String is in module java.base of loader 'bootstrap')
2025-06-13 17:51:12,400 [ERROR] [16] 업로드 실패: 400 | ❌ 저장 실패: 시나리오 저장 실패: class org.springframework.security.web.authentication.WebAuthenticationDetails cannot be cast to class java.lang.String (org.springframework.security.web.authentication.WebAuthenticationDetails is in unnamed module of loader org.springframework.boot.loader.launch.LaunchedClassLoader @2f92e0f4; java.lang.String is in module java.base of loader 'bootstrap')
2025-06-13 17:51:12,467 [ERROR] [17] 업로드 실패: 400 | ❌ 저장 실패: 시나리오 저장 실패: class org.springframework.security.web.authentication.WebAuthenticationDetails cannot be cast to class java.lang.String (org.springframework.security.web.authentication.WebAuthenticationDetails is in unnamed module of loader org.springframework.boot.loader.launch.LaunchedClassLoader @2f92e0f4; java.lang.String is in module java.base of loader 'bootstrap')
2025-06-13 17:51:12,494 [ERROR] [18] 업로드 실패: 400 | ❌ 저장 실패: 시나리오 저장 실패: class org.springframework.security.web.authentication.WebAuthenticationDetails cannot be cast to class java.lang.String (org.springframework.security.web.authentication.WebAuthenticationDetails is in unnamed module of loader org.springframework.boot.loader.launch.LaunchedClassLoader @2f92e0f4; java.lang.String is in module java.base of loader 'bootstrap')
2025-06-13 17:51:12,543 [ERROR] [19] 업로드 실패: 400 | ❌ 저장 실패: 시나리오 저장 실패: class org.springframework.security.web.authentication.WebAuthenticationDetails cannot be cast to class java.lang.String (org.springframework.security.web.authentication.WebAuthenticationDetails is in unnamed module of loader org.springframework.boot.loader.launch.LaunchedClassLoader @2f92e0f4; java.lang.String is in module java.base of loader 'bootstrap')
2025-06-13 17:51:12,575 [ERROR] [20] 업로드 실패: 400 | ❌ 저장 실패: 시나리오 저장 실패: class org.springframework.security.web.authentication.WebAuthenticationDetails cannot be cast to class java.lang.String (org.springframework.security.web.authentication.WebAuthenticationDetails is in unnamed module of loader org.springframework.boot.loader.launch.LaunchedClassLoader @2f92e0f4; java.lang.String is in module java.base of loader 'bootstrap')
2025-06-13 17:51:12,592 [ERROR] [21] 업로드 실패: 400 | ❌ 저장 실패: 시나리오 저장 실패: class org.springframework.security.web.authentication.WebAuthenticationDetails cannot be cast to class java.lang.String (org.springframework.security.web.authentication.WebAuthenticationDetails is in unnamed module of loader org.springframework.boot.loader.launch.LaunchedClassLoader @2f92e0f4; java.lang.String is in module java.base of loader 'bootstrap')
2025-06-13 17:51:12,643 [ERROR] [22] 업로드 실패: 400 | ❌ 저장 실패: 시나리오 저장 실패: class org.springframework.security.web.authentication.WebAuthenticationDetails cannot be cast to class java.lang.String (org.springframework.security.web.authentication.WebAuthenticationDetails is in unnamed module of loader org.springframework.boot.loader.launch.LaunchedClassLoader @2f92e0f4; java.lang.String is in module java.base of loader 'bootstrap')
2025-06-13 17:51:12,685 [ERROR] [23] 업로드 실패: 400 | ❌ 저장 실패: 시나리오 저장 실패: class org.springframework.security.web.authentication.WebAuthenticationDetails cannot be cast to class java.lang.String (org.springframework.security.web.authentication.WebAuthenticationDetails is in unnamed module of loader org.springframework.boot.loader.launch.LaunchedClassLoader @2f92e0f4; java.lang.String is in module java.base of loader 'bootstrap')
2025-06-13 17:51:12,782 [ERROR] [24] 업로드 실패: 400 | ❌ 저장 실패: 시나리오 저장 실패: class org.springframework.security.web.authentication.WebAuthenticationDetails cannot be cast to class java.lang.String (org.springframework.security.web.authentication.WebAuthenticationDetails is in unnamed module of loader org.springframework.boot.loader.launch.LaunchedClassLoader @2f92e0f4; java.lang.String is in module java.base of loader 'bootstrap')
2025-06-13 17:51:12,797 [ERROR] [25] 업로드 실패: 400 | ❌ 저장 실패: 시나리오 저장 실패: class org.springframework.security.web.authentication.WebAuthenticationDetails cannot be cast to class java.lang.String (org.springframework.security.web.authentication.WebAuthenticationDetails is in unnamed module of loader org.springframework.boot.loader.launch.LaunchedClassLoader @2f92e0f4; java.lang.String is in module java.base of loader 'bootstrap')
2025-06-13 17:51:12,828 [ERROR] [26] 업로드 실패: 400 | ❌ 저장 실패: 시나리오 저장 실패: class org.springframework.security.web.authentication.WebAuthenticationDetails cannot be cast to class java.lang.String (org.springframework.security.web.authentication.WebAuthenticationDetails is in unnamed module of loader org.springframework.boot.loader.launch.LaunchedClassLoader @2f92e0f4; java.lang.String is in module java.base of loader 'bootstrap')
2025-06-13 17:51:12,890 [ERROR] [27] 업로드 실패: 400 | ❌ 저장 실패: 시나리오 저장 실패: class org.springframework.security.web.authentication.WebAuthenticationDetails cannot be cast to class java.lang.String (org.springframework.security.web.authentication.WebAuthenticationDetails is in unnamed module of loader org.springframework.boot.loader.launch.LaunchedClassLoader @2f92e0f4; java.lang.String is in module java.base of loader 'bootstrap')
2025-06-13 17:51:14,436 [ERROR] [28] 업로드 실패: 400 | ❌ 저장 실패: 시나리오 저장 실패: class org.springframework.security.web.authentication.WebAuthenticationDetails cannot be cast to class java.lang.String (org.springframework.security.web.authentication.WebAuthenticationDetails is in unnamed module of loader org.springframework.boot.loader.launch.LaunchedClassLoader @2f92e0f4; java.lang.String is in module java.base of loader 'bootstrap')
2025-06-13 17:51:14,479 [ERROR] [29] 업로드 실패: 400 | ❌ 저장 실패: 시나리오 저장 실패: class org.springframework.security.web.authentication.WebAuthenticationDetails cannot be cast to class java.lang.String (org.springframework.security.web.authentication.WebAuthenticationDetails is in unnamed module of loader org.springframework.boot.loader.launch.LaunchedClassLoader @2f92e0f4; java.lang.String is in module java.base of loader 'bootstrap')
2025-06-13 17:51:14,509 [ERROR] [30] 업로드 실패: 400 | ❌ 저장 실패: 시나리오 저장 실패: class org.springframework.security.web.authentication.WebAuthenticationDetails cannot be cast to class java.lang.String (org.springframework.security.web.authentication.WebAuthenticationDetails is in unnamed module of loader org.springframework.boot.loader.launch.LaunchedClassLoader @2f92e0f4; java.lang.String is in module java.base of loader 'bootstrap')
2025-06-13 17:51:14,534 [ERROR] [31] 업로드 실패: 400 | ❌ 저장 실패: 시나리오 저장 실패: class org.springframework.security.web.authentication.WebAuthenticationDetails cannot be cast to class java.lang.String (org.springframework.security.web.authentication.WebAuthenticationDetails is in unnamed module of loader org.springframework.boot.loader.launch.LaunchedClassLoader @2f92e0f4; java.lang.String is in module java.base of loader 'bootstrap')
2025-06-13 17:51:14,596 [ERROR] [32] 업로드 실패: 400 | ❌ 저장 실패: 시나리오 저장 실패: class org.springframework.security.web.authentication.WebAuthenticationDetails cannot be cast to class java.lang.String (org.springframework.security.web.authentication.WebAuthenticationDetails is in unnamed module of loader org.springframework.boot.loader.launch.LaunchedClassLoader @2f92e0f4; java.lang.String is in module java.base of loader 'bootstrap')
2025-06-13 17:51:14,628 [ERROR] [33] 업로드 실패: 400 | ❌ 저장 실패: 시나리오 저장 실패: class org.springframework.security.web.authentication.WebAuthenticationDetails cannot be cast to class java.lang.String (org.springframework.security.web.authentication.WebAuthenticationDetails is in unnamed module of loader org.springframework.boot.loader.launch.LaunchedClassLoader @2f92e0f4; java.lang.String is in module java.base of loader 'bootstrap')
2025-06-13 17:51:14,665 [ERROR] [34] 업로드 실패: 400 | ❌ 저장 실패: 시나리오 저장 실패: class org.springframework.security.web.authentication.WebAuthenticationDetails cannot be cast to class java.lang.String (org.springframework.security.web.authentication.WebAuthenticationDetails is in unnamed module of loader org.springframework.boot.loader.launch.LaunchedClassLoader @2f92e0f4; java.lang.String is in module java.base of loader 'bootstrap')
2025-06-13 17:51:14,707 [ERROR] [35] 업로드 실패: 400 | ❌ 저장 실패: 시나리오 저장 실패: class org.springframework.security.web.authentication.WebAuthenticationDetails cannot be cast to class java.lang.String (org.springframework.security.web.authentication.WebAuthenticationDetails is in unnamed module of loader org.springframework.boot.loader.launch.LaunchedClassLoader @2f92e0f4; java.lang.String is in module java.base of loader 'bootstrap')
2025-06-13 17:51:14,749 [ERROR] [36] 업로드 실패: 400 | ❌ 저장 실패: 시나리오 저장 실패: class org.springframework.security.web.authentication.WebAuthenticationDetails cannot be cast to class java.lang.String (org.springframework.security.web.authentication.WebAuthenticationDetails is in unnamed module of loader org.springframework.boot.loader.launch.LaunchedClassLoader @2f92e0f4; java.lang.String is in module java.base of loader 'bootstrap')
2025-06-13 17:51:14,772 [ERROR] [37] 업로드 실패: 400 | ❌ 저장 실패: 시나리오 저장 실패: class org.springframework.security.web.authentication.WebAuthenticationDetails cannot be cast to class java.lang.String (org.springframework.security.web.authentication.WebAuthenticationDetails is in unnamed module of loader org.springframework.boot.loader.launch.LaunchedClassLoader @2f92e0f4; java.lang.String is in module java.base of loader 'bootstrap')
2025-06-13 17:51:14,800 [ERROR] [38] 업로드 실패: 400 | ❌ 저장 실패: 시나리오 저장 실패: class org.springframework.security.web.authentication.WebAuthenticationDetails cannot be cast to class java.lang.String (org.springframework.security.web.authentication.WebAuthenticationDetails is in unnamed module of loader org.springframework.boot.loader.launch.LaunchedClassLoader @2f92e0f4; java.lang.String is in module java.base of loader 'bootstrap')
2025-06-13 17:51:14,874 [ERROR] [39] 업로드 실패: 400 | ❌ 저장 실패: 시나리오 저장 실패: class org.springframework.security.web.authentication.WebAuthenticationDetails cannot be cast to class java.lang.String (org.springframework.security.web.authentication.WebAuthenticationDetails is in unnamed module of loader org.springframework.boot.loader.launch.LaunchedClassLoader @2f92e0f4; java.lang.String is in module java.base of loader 'bootstrap')
2025-06-13 17:51:14,906 [ERROR] [40] 업로드 실패: 400 | ❌ 저장 실패: 시나리오 저장 실패: class org.springframework.security.web.authentication.WebAuthenticationDetails cannot be cast to class java.lang.String (org.springframework.security.web.authentication.WebAuthenticationDetails is in unnamed module of loader org.springframework.boot.loader.launch.LaunchedClassLoader @2f92e0f4; java.lang.String is in module java.base of loader 'bootstrap')
2025-06-13 17:51:14,906 [INFO] 업로드 완료! 성공: 0개, 실패: 40개
